<?xml version="1.0" encoding="UTF-8"?>
<!-- Generated by org.testng.reporters.JUnitReportReporter -->
<testsuite hostname="QuyenLuong" failures="0" tests="4" name="nopcommerce.user.MyAccount" time="2.639" errors="0" timestamp="13 Jun 2023 04:39:38 GMT" skipped="0">
  <testcase classname="nopcommerce.user.MyAccount" name="MyAccount_02_Add_Address_Info" time="0.003"/>
  <testcase classname="nopcommerce.user.MyAccount" name="MyAccount_01_Update_Customer_Info" time="2.636"/>
  <testcase classname="nopcommerce.user.MyAccount" name="MyAccount_04_My_Product_Review" time="0.000"/>
  <testcase classname="nopcommerce.user.MyAccount" name="MyAccount_03_Change_Password" time="0.000"/>
</testsuite> <!-- nopcommerce.user.MyAccount -->
