<?xml version="1.0" encoding="UTF-8"?>
<!-- Generated by org.testng.reporters.JUnitReportReporter -->
<testsuite hostname="QuyenLuong" failures="0" tests="4" name="nopcommerce.user.MyAccount" time="3.042" errors="0" timestamp="13 Jun 2023 09:10:05 GMT" skipped="0">
  <testcase classname="nopcommerce.user.MyAccount" name="MyAccount_03_Change_Password" time="0.000"/>
  <testcase classname="nopcommerce.user.MyAccount" name="MyAccount_04_My_Product_Review" time="0.001"/>
  <testcase classname="nopcommerce.user.MyAccount" name="MyAccount_02_Add_Address_Info" time="0.000"/>
  <testcase classname="nopcommerce.user.MyAccount" name="MyAccount_01_Update_Customer_Info" time="3.041"/>
</testsuite> <!-- nopcommerce.user.MyAccount -->
